    00000               rosa: EX DE, HL
P3M.ASM(1,9): Error 35 - Symbol not found
    00000               EXX
P3M.ASM(2,4): Error 35 - Symbol not found
    00000               EX (SP),HL
P3M.ASM(3,4): Error 35 - Symbol not found
    00000               EX (SP),IX
P3M.ASM(4,4): Error 35 - Symbol not found
    00000               EX (SP),IY
P3M.ASM(5,4): Error 35 - Symbol not found
    00000               LDI
P3M.ASM(6,4): Error 35 - Symbol not found
    00000               LDIR
P3M.ASM(7,5): Error 35 - Symbol not found
    00000               LDD
P3M.ASM(8,4): Error 35 - Symbol not found
    00000               LDDR
P3M.ASM(9,5): Error 35 - Symbol not found
    00000               CPI
P3M.ASM(10,4): Error 35 - Symbol not found
    00000               CPD
P3M.ASM(11,4): Error 35 - Symbol not found
    00000               CALL rosa ;asknackjans
P3M.ASM(12,6): Error 35 - Symbol not found
    00000               LD A, B ;kaksnacnkascvav
P3M.ASM(13,4): Error 35 - Symbol not found
    00000               LD H, 3 ; holaaa
P3M.ASM(14,4): Error 35 - Symbol not found
    00000               	 LD C, (HL)
P3M.ASM(15,13): Error 35 - Symbol not found
    00000               LD B, (IX+5)
P3M.ASM(16,4): Error 35 - Symbol not found
    00000               LD E, (IY+7)
P3M.ASM(17,4): Error 35 - Symbol not found
    00000               LD (HL), L
P3M.ASM(18,4): Error 35 - Symbol not found
    00000               LD (IX+1), A
P3M.ASM(19,4): Error 35 - Symbol not found
    00000               LD (IY+3), B
P3M.ASM(20,4): Error 35 - Symbol not found
    00000               LD (HL), 4
P3M.ASM(21,4): Error 35 - Symbol not found
    00000               	LD (IX+3), 3
P3M.ASM(22,12): Error 35 - Symbol not found
    00000               	LD (IY+2), 6
P3M.ASM(23,12): Error 35 - Symbol not found
    00000               	LD A, (BC)
P3M.ASM(24,12): Error 35 - Symbol not found
    00000               	LD A, (DE)
P3M.ASM(25,12): Error 35 - Symbol not found
    00000               	LD A, (5)
P3M.ASM(26,12): Error 35 - Symbol not found
    00000               	LD (BC), A
P3M.ASM(27,12): Error 35 - Symbol not found
    00000               	LD (DE), A
P3M.ASM(28,12): Error 35 - Symbol not found
    00000               	LD (3), A
P3M.ASM(29,12): Error 35 - Symbol not found
    00000               	LD A, I
P3M.ASM(30,12): Error 35 - Symbol not found
    00000               	LD A, R
P3M.ASM(31,12): Error 35 - Symbol not found
    00000               	LD I, A
P3M.ASM(32,12): Error 35 - Symbol not found
    00000               	LD R, A
P3M.ASM(33,12): Error 35 - Symbol not found
    00000               	LD SP, 5
P3M.ASM(34,12): Error 35 - Symbol not found
    00000               	LD IX, 3
P3M.ASM(35,12): Error 35 - Symbol not found
    00000               	LD IY, 3
P3M.ASM(36,12): Error 35 - Symbol not found
    00000               	LD HL, (3)
P3M.ASM(37,12): Error 35 - Symbol not found
    00000               	LD BC, (3)
P3M.ASM(38,12): Error 35 - Symbol not found
    00000               	LD DE, (3)
P3M.ASM(39,12): Error 35 - Symbol not found
    00000               	LD IX, (4)
P3M.ASM(40,12): Error 35 - Symbol not found
    00000               		LD IY, (4)
P3M.ASM(41,20): Error 35 - Symbol not found
    00000               		LD (5), HL
P3M.ASM(42,20): Error 35 - Symbol not found
    00000               		LD (5), SP
P3M.ASM(43,20): Error 35 - Symbol not found
    00000               		LD (5), IX
P3M.ASM(44,20): Error 35 - Symbol not found
    00000               		LD (5), IY
P3M.ASM(45,20): Error 35 - Symbol not found
    00000               		LD SP, HL
P3M.ASM(46,20): Error 35 - Symbol not found
    00000               		LD SP, IX
P3M.ASM(47,20): Error 35 - Symbol not found
    00000               		LD SP, IY
P3M.ASM(48,20): Error 35 - Symbol not found
    00000               		PUSH BC
P3M.ASM(49,22): Error 35 - Symbol not found
    00000               		PUSH DE
P3M.ASM(50,22): Error 35 - Symbol not found
    00000               		PUSH IX
P3M.ASM(51,22): Error 35 - Symbol not found
    00000               		PUSH IY
P3M.ASM(52,22): Error 35 - Symbol not found
    00000               		POP DE
P3M.ASM(53,21): Error 35 - Symbol not found
    00000               		POP HL
P3M.ASM(54,21): Error 35 - Symbol not found
    00000               		POP AF
P3M.ASM(55,21): Error 35 - Symbol not found
    00000               		POP IX
P3M.ASM(56,21): Error 35 - Symbol not found
    00000               		POP IY
P3M.ASM(57,21): Error 35 - Symbol not found
    00000               	END

